2023.03.13 00:39:51 INFO  Started: Metals version 0.11.11 in workspace '/Users/apple/Desktop/PilotTraining/202302/Tingting_Zheng_HW' for client Visual Studio Code 1.75.1.
SLF4J: No SLF4J providers were found.
SLF4J: Defaulting to no-operation (NOP) logger implementation
SLF4J: See https://www.slf4j.org/codes.html#noProviders for further details.
SLF4J: Class path contains SLF4J bindings targeting slf4j-api versions 1.7.x or earlier.
SLF4J: Ignoring binding found at [jar:file:/Users/apple/Library/Caches/Coursier/v1/https/repo1.maven.org/maven2/com/outr/scribe-slf4j_2.13/3.11.0/scribe-slf4j_2.13-3.11.0.jar!/org/slf4j/impl/StaticLoggerBinder.class]
SLF4J: See https://www.slf4j.org/codes.html#ignoredBindings for an explanation.
2023.03.13 00:39:56 INFO  time: initialize in 4.84s
Mar 13, 2023 12:40:03 AM org.eclipse.lsp4j.jsonrpc.RemoteEndpoint handleCancellation
WARNING: Unmatched cancel notification for request id 2
Mar 13, 2023 12:40:03 AM org.eclipse.lsp4j.jsonrpc.RemoteEndpoint handleCancellation
WARNING: Unmatched cancel notification for request id 1
2023.03.13 00:40:03 WARN  Build server is not auto-connectable.
2023.03.13 00:40:03 WARN  no build tool detected in workspace '/Users/apple/Desktop/PilotTraining/202302/Tingting_Zheng_HW'. The most common cause for this problem is that the editor was opened in the wrong working directory, for example if you use sbt then the workspace directory should contain build.sbt. 
2023.03.13 00:40:03 WARN  no build target for: /Users/apple/Desktop/PilotTraining/202302/Tingting_Zheng_HW/HW3.java
2023.03.13 01:00:14 WARN  no build target for: /Users/apple/Desktop/PilotTraining/202302/Tingting_Zheng_HW/HW1.java
2023.03.13 01:00:28 WARN  no build target for: /Users/apple/Desktop/PilotTraining/202302/Tingting_Zheng_HW/HW3.java
2023.03.13 01:00:31 WARN  no build target for: /Users/apple/Desktop/PilotTraining/202302/Tingting_Zheng_HW/HW3.java
2023.03.13 01:01:20 WARN  no build target for: /Users/apple/Desktop/PilotTraining/202302/Tingting_Zheng_HW/HW3.java
2023.03.13 01:12:34 WARN  no build target for: /Users/apple/Desktop/PilotTraining/202302/Tingting_Zheng_HW/HW3.java
2023.03.13 01:12:53 WARN  no build target for: /Users/apple/Desktop/PilotTraining/202302/Tingting_Zheng_HW/HW3.java
2023.03.13 01:13:03 INFO  Shutting down server
2023.03.13 01:13:03 INFO  shutting down Metals
2023.03.13 01:13:03 INFO  Exiting server
